<?xml version="1.0" encoding="UTF-8"?>
<testng-results ignored="0" total="1" passed="1" failed="0" skipped="0">
  <reporter-output>
  </reporter-output>
  <suite started-at="2023-02-27T11:10:29Z" name="Suite" finished-at="2023-02-27T11:10:41Z" duration-ms="11507">
    <groups>
    </groups>
    <test started-at="2023-02-27T11:10:29Z" name="Test" finished-at="2023-02-27T11:10:41Z" duration-ms="11507">
      <class name="testcases.TC_LoginPage_01">
        <test-method is-config="true" signature="setup()[pri:0, instance:testcases.TC_LoginPage_01@4c36250e]" started-at="2023-02-27T11:10:30Z" name="setup" finished-at="2023-02-27T11:10:39Z" duration-ms="8794" status="PASS">
          <reporter-output>
          </reporter-output>
        </test-method> <!-- setup -->
        <test-method signature="loginPage()[pri:0, instance:testcases.TC_LoginPage_01@4c36250e]" started-at="2023-02-27T11:10:39Z" name="loginPage" finished-at="2023-02-27T11:10:41Z" duration-ms="1661" status="PASS">
          <reporter-output>
          </reporter-output>
        </test-method> <!-- loginPage -->
        <test-method is-config="true" signature="tearDown()[pri:0, instance:testcases.TC_LoginPage_01@4c36250e]" started-at="2023-02-27T11:10:41Z" name="tearDown" finished-at="2023-02-27T11:10:41Z" duration-ms="320" status="PASS">
          <reporter-output>
          </reporter-output>
        </test-method> <!-- tearDown -->
      </class> <!-- testcases.TC_LoginPage_01 -->
    </test> <!-- Test -->
  </suite> <!-- Suite -->
</testng-results>
