<?xml version="1.0" encoding="UTF-8"?>
<testng-results ignored="0" total="1" passed="1" failed="0" skipped="0">
  <reporter-output>
  </reporter-output>
  <suite started-at="2026-02-18T09:28:02Z" name="Suite" finished-at="2026-02-18T09:28:16Z" duration-ms="14058">
    <groups>
    </groups>
    <test started-at="2026-02-18T09:28:02Z" name="Test" finished-at="2026-02-18T09:28:16Z" duration-ms="14058">
      <class name="testcases.TC_LoginPage_01">
        <test-method is-config="true" signature="setup()[pri:0, instance:testcases.TC_LoginPage_01@1af1347d]" started-at="2026-02-18T09:28:02Z" name="setup" finished-at="2026-02-18T09:28:14Z" duration-ms="11527" status="PASS">
          <reporter-output>
          </reporter-output>
        </test-method> <!-- setup -->
        <test-method signature="loginPage()[pri:0, instance:testcases.TC_LoginPage_01@1af1347d]" started-at="2026-02-18T09:28:14Z" name="loginPage" finished-at="2026-02-18T09:28:15Z" duration-ms="1213" status="PASS">
          <reporter-output>
          </reporter-output>
        </test-method> <!-- loginPage -->
        <test-method is-config="true" signature="tearDown()[pri:0, instance:testcases.TC_LoginPage_01@1af1347d]" started-at="2026-02-18T09:28:15Z" name="tearDown" finished-at="2026-02-18T09:28:16Z" duration-ms="540" status="PASS">
          <reporter-output>
          </reporter-output>
        </test-method> <!-- tearDown -->
      </class> <!-- testcases.TC_LoginPage_01 -->
    </test> <!-- Test -->
  </suite> <!-- Suite -->
</testng-results>
